build/app/outputs/mapping/release/mapping.txt
# compiler: R8
# compiler_version: 1.5.64
# min_api: 21
# pg_map_id: 03af58b
...
com.google.firebase.firestore.local.SQLiteRemoteDocumentCache$$Lambda$2 -> com.google.firebase.firestore.q0.v1:
    java.util.Map arg$2 -> b
    com.google.firebase.firestore.local.SQLiteRemoteDocumentCache arg$1 -> a
    void accept(java.lang.Object) -> a
    com.google.firebase.firestore.util.Consumer lambdaFactory$(com.google.firebase.firestore.local.SQLiteRemoteDocumentCache,java.util.Map) -> a
com.google.firebase.firestore.local.SQLiteRemoteDocumentCache$$Lambda$3 -> com.google.firebase.firestore.q0.w1:
    com.google.firebase.firestore.core.Query arg$4 -> d
    com.google.firebase.firestore.util.BackgroundQueue arg$3 -> c
    com.google.firebase.database.collection.ImmutableSortedMap[] arg$5 -> e
    int arg$2 -> b
    com.google.firebase.firestore.local.SQLiteRemoteDocumentCache arg$1 -> a
    void accept(java.lang.Object) -> a
    com.google.firebase.firestore.util.Consumer lambdaFactory$(com.google.firebase.firestore.local.SQLiteRemoteDocumentCache,int,com.google.firebase.firestore.util.BackgroundQueue,com.google.firebase.firestore.core.Query,com.google.firebase.database.collection.ImmutableSortedMap[]) -> a
com.google.firebase.firestore.local.SQLiteRemoteDocumentCache$$Lambda$4 -> com.google.firebase.firestore.q0.x1:
    com.google.firebase.firestore.core.Query arg$3 -> d
    com.google.firebase.database.collection.ImmutableSortedMap[] arg$4 -> e
    byte[] arg$2 -> c
    com.google.firebase.firestore.local.SQLiteRemoteDocumentCache arg$1 -> b
    java.lang.Runnable lambdaFactory$(com.google.firebase.firestore.local.SQLiteRemoteDocumentCache,byte[],com.google.firebase.firestore.core.Query,com.google.firebase.database.collection.ImmutableSortedMap[]) -> a
com.google.firebase.firestore.local.SQLiteSchema -> com.google.firebase.firestore.q0.m2:
    android.database.sqlite.SQLiteDatabase db -> a
    void addReadTime() -> a
    java.util.List getTableColumns(java.lang.String) -> a
    void ifTablesDontExist(java.lang.String[],java.lang.Runnable) -> a
    void lambda$createLocalDocumentsCollectionIndex$5(com.google.firebase.firestore.local.SQLiteSchema) -> a
    void lambda$createV8CollectionParentsIndex$10(com.google.firebase.firestore.local.MemoryIndexManager$MemoryCollectionParentIndex,android.database.sqlite.SQLiteStatement,com.google.firebase.firestore.model.ResourcePath) -> a
    void lambda$createV8CollectionParentsIndex$11(com.google.firebase.firestore.util.Consumer,android.database.Cursor) -> a
    void lambda$dropLastLimboFreeSnapshotVersion$6(com.google.firebase.firestore.local.SQLiteSchema,android.database.Cursor) -> a
    java.lang.Long lambda$ensureSequenceNumbers$7(android.database.Cursor) -> a
    void lambda$ensureSequenceNumbers$8(boolean[],android.database.sqlite.SQLiteStatement,long,android.database.Cursor) -> a
    void lambda$removeAcknowledgedMutations$1(com.google.firebase.firestore.local.SQLiteSchema,java.lang.String,android.database.Cursor) -> a
    void removeMutationBatch(java.lang.String,int) -> a
    void runMigrations(int) -> a
    void runMigrations(int,int) -> a
    boolean tableContainsColumn(java.lang.String,java.lang.String) -> a
    void addSequenceNumber() -> b
com.google.firebase.firestore.local.SQLiteSchema$$Lambda$1 -> com.google.firebase.firestore.q0.d2:
    com.google.firebase.firestore.local.SQLiteSchema arg$1 -> b
    java.lang.Runnable lambdaFactory$(com.google.firebase.firestore.local.SQLiteSchema) -> a
com.google.firebase.firestore.local.SQLiteSchema$$Lambda$10 -> com.google.firebase.firestore.q0.z1:
    com.google.firebase.firestore.local.MemoryIndexManager$MemoryCollectionParentIndex arg$1 -> a
    android.database.sqlite.SQLiteStatement arg$2 -> b
    void accept(java.lang.Object) -> a
    com.google.firebase.firestore.util.Consumer lambdaFactory$(com.google.firebase.firestore.local.MemoryIndexManager$MemoryCollectionParentIndex,android.database.sqlite.SQLiteStatement) -> a